  source.cpp
c:\users\tseme\documents\github\prace\sts\wfhandler-pdf\source.cpp(502): warning C4477: printf: Formátovací řetězec %s vyžaduje argument typu char *, ale variadický argument 2 má typ char **.
c:\users\tseme\documents\github\prace\sts\wfhandler-pdf\source.cpp(572): warning C4101: ValueString: neodkazovaná lokální proměnná
c:\users\tseme\documents\github\prace\sts\wfhandler-pdf\source.cpp(593): warning C4101: item_op: neodkazovaná lokální proměnná
c:\users\tseme\documents\github\prace\sts\wfhandler-pdf\source.cpp(696): warning C4101: output: neodkazovaná lokální proměnná
c:\users\tseme\documents\github\prace\sts\wfhandler-pdf\source.cpp(828): warning C4477: printf: Formátovací řetězec %d vyžaduje argument typu int, ale variadický argument 3 má typ size_t.
  c:\users\tseme\documents\github\prace\sts\wfhandler-pdf\source.cpp(828): note: Zvažte použití %zd ve formátovacím řetězci.
c:\users\tseme\documents\github\prace\sts\wfhandler-pdf\source.cpp(828): warning C4477: printf: Formátovací řetězec %d vyžaduje argument typu int, ale variadický argument 4 má typ size_t.
  c:\users\tseme\documents\github\prace\sts\wfhandler-pdf\source.cpp(828): note: Zvažte použití %zd ve formátovacím řetězci.
c:\users\tseme\documents\github\prace\sts\wfhandler-pdf\source.cpp(910): warning C4477: printf: Formátovací řetězec %s vyžaduje argument typu char *, ale variadický argument 3 má typ std::string.
c:\users\tseme\documents\github\prace\sts\wfhandler-pdf\source.cpp(945): warning C4473: printf: Pro formátovací řetězec se nepředal dostatečný počet argumentů.
  c:\users\tseme\documents\github\prace\sts\wfhandler-pdf\source.cpp(945): note: Pro zástupný text a jeho parametry se očekával tento počet variadických argumentů: 1, ale je zadaný tento počet: 0.
  c:\users\tseme\documents\github\prace\sts\wfhandler-pdf\source.cpp(945): note: Chybějící variadický argument 1 je vyžadován formátovacím řetězcem %s.
c:\users\tseme\documents\github\prace\sts\wfhandler-pdf\source.cpp(947): warning C4477: printf: Formátovací řetězec %d vyžaduje argument typu int, ale variadický argument 1 má typ char *.
c:\users\tseme\documents\github\prace\sts\wfhandler-pdf\source.cpp(947): warning C4313: printf: %d ve formátovacím řetězci je v konfliktu s argumentem 1 typu char *.
c:\users\tseme\documents\github\prace\sts\wfhandler-pdf\source.cpp(947): warning C4473: printf: Pro formátovací řetězec se nepředal dostatečný počet argumentů.
  c:\users\tseme\documents\github\prace\sts\wfhandler-pdf\source.cpp(947): note: Pro zástupný text a jeho parametry se očekával tento počet variadických argumentů: 2, ale je zadaný tento počet: 1.
  c:\users\tseme\documents\github\prace\sts\wfhandler-pdf\source.cpp(947): note: Chybějící variadický argument 2 je vyžadován formátovacím řetězcem %s.
c:\users\tseme\documents\github\prace\sts\wfhandler-pdf\source.cpp(968): warning C4477: printf: Formátovací řetězec %s vyžaduje argument typu char *, ale variadický argument 2 má typ std::string.
c:\users\tseme\documents\github\prace\sts\wfhandler-pdf\source.cpp(1023): warning C4477: fprintf: Formátovací řetězec %s vyžaduje argument typu char *, ale variadický argument 1 má typ std::string.
c:\users\tseme\documents\github\prace\sts\wfhandler-pdf\source.cpp(1260): warning C4101: tmp_i: neodkazovaná lokální proměnná
c:\users\tseme\documents\github\prace\sts\wfhandler-pdf\source.cpp(1298): warning C4101: pdf_dir: neodkazovaná lokální proměnná
c:\users\tseme\documents\github\prace\sts\wfhandler-pdf\source.cpp(1399): warning C4101: itemId: neodkazovaná lokální proměnná
c:\users\tseme\documents\github\prace\sts\wfhandler-pdf\source.cpp(1398): warning C4101: datum: neodkazovaná lokální proměnná
     Vytváří se knihovna C:\Users\tseme\Documents\GitHub\prace\STS\wfhandler-pdf\\Release\TPV_MAKE_PDF_TC12.lib a objekt C:\Users\tseme\Documents\GitHub\prace\STS\wfhandler-pdf\\Release\TPV_MAKE_PDF_TC12.exp.
  Vytváří se kód.
  2 of 108 functions ( 1.9%) were compiled, the rest were copied from previous compilation.
    0 functions were new in current compilation
    1 functions had inline decision re-evaluated but remain unchanged
  Vytváření kódu se dokončilo.
  wfhandler.vcxproj -> C:\Users\tseme\Documents\GitHub\prace\STS\wfhandler-pdf\\Release\TPV_MAKE_PDF_TC12.dll
