  source.cpp
c:\splm\sts\tc12\xml2tc - zakazka\source.cpp(141): warning C4477: printf: Formátovací řetězec %d vyžaduje argument typu int, ale variadický argument 3 má typ double.
c:\splm\sts\tc12\xml2tc - zakazka\source.cpp(147): warning C4477: printf: Formátovací řetězec %d vyžaduje argument typu int, ale variadický argument 1 má typ size_t.
  c:\splm\sts\tc12\xml2tc - zakazka\source.cpp(147): note: Zvažte použití %zd ve formátovacím řetězci.
c:\splm\sts\tc12\xml2tc - zakazka\source.cpp(208): warning C4101: Rev: neodkazovaná lokální proměnná
c:\splm\sts\tc12\xml2tc - zakazka\source.cpp(271): warning C4101: Rev: neodkazovaná lokální proměnná
c:\splm\sts\tc12\xml2tc - zakazka\source.cpp(470): warning C4473: printf: Pro formátovací řetězec se nepředal dostatečný počet argumentů.
  c:\splm\sts\tc12\xml2tc - zakazka\source.cpp(470): note: Pro zástupný text a jeho parametry se očekával tento počet variadických argumentů: 2, ale je zadaný tento počet: 1.
  c:\splm\sts\tc12\xml2tc - zakazka\source.cpp(470): note: Chybějící variadický argument 2 je vyžadován formátovacím řetězcem %s.
c:\splm\sts\tc12\xml2tc - zakazka\source.cpp(508): warning C4477: printf: Formátovací řetězec %d vyžaduje argument typu int, ale variadický argument 1 má typ char *.
c:\splm\sts\tc12\xml2tc - zakazka\source.cpp(508): warning C4313: printf: %d ve formátovacím řetězci je v konfliktu s argumentem 1 typu char *.
c:\splm\sts\tc12\xml2tc - zakazka\source.cpp(885): warning C4101: Rozmer: neodkazovaná lokální proměnná
c:\splm\sts\tc12\xml2tc - zakazka\source.cpp(982): warning C4477: printf: Formátovací řetězec %d vyžaduje argument typu int, ale variadický argument 2 má typ size_t.
  c:\splm\sts\tc12\xml2tc - zakazka\source.cpp(982): note: Zvažte použití %zd ve formátovacím řetězci.
c:\splm\sts\tc12\xml2tc - zakazka\source.cpp(982): warning C4477: printf: Formátovací řetězec %d vyžaduje argument typu int, ale variadický argument 3 má typ size_t.
  c:\splm\sts\tc12\xml2tc - zakazka\source.cpp(982): note: Zvažte použití %zd ve formátovacím řetězci.
c:\splm\sts\tc12\xml2tc - zakazka\source.cpp(966): warning C4101: token: neodkazovaná lokální proměnná
c:\splm\sts\tc12\xml2tc - zakazka\source.cpp(1079): warning C4101: Namee: neodkazovaná lokální proměnná
  Vytváří se kód.
c:\splm\sts\tc12\xml2tc - zakazka\source.cpp(919): warning C4789: Vyrovnávací paměť attr o velikosti 500 bajtů bude mít přeběhnutí; 700 bajtů se zapíše s posunem 0.
  All 23 functions were compiled because no usable IPDB/IOBJ from previous compilation was found.
  Vytváření kódu se dokončilo.
  utilita.vcxproj -> C:\SPLM\STS\TC12\XML2TC - Zakazka\\Release\XML2TC_ZAK.exe
