Build started 20. 8. 2019 13:58:09.
     1>Project "C:\Users\infodba\Desktop\wfhandler-Export2TPV - Trima\wfhandler.vcxproj" on node 2 (build target(s)).
     1>InitializeBuildStatus:
         Creating "Release\TPV_TC2TPV_TC10.unsuccessfulbuild" because "AlwaysCreate" was specified.
       ClCompile:
         c:\Program Files (x86)\Microsoft Visual Studio 10.0\VC\bin\x86_amd64\CL.exe /c /IC:\SPLM\TC\include /Zi /nologo /W3 /WX- /O2 /Oi /GL /D IPLIB=none /D _WINDLL /D _MBCS /Gm- /EHsc /MD /GS /Gy /fp:precise /Zc:wchar_t /Zc:forScope /Fo"Release\\" /Fd"Release\vc100.pdb" /Gd /TP /errorReport:prompt source.cpp
         source.cpp
     1>source.cpp(89): warning C4172: returning address of local variable or temporary
     1>source.cpp(75): warning C4101: 'stream' : unreferenced local variable
     1>source.cpp(76): warning C4101: 'logpath' : unreferenced local variable
     1>source.cpp(107): warning C4018: '>' : signed/unsigned mismatch
     1>source.cpp(139): warning C4101: 'tmp' : unreferenced local variable
     1>source.cpp(606): warning C4102: 'next' : unreferenced label
     1>source.cpp(586): warning C4101: 'id_polozky_str' : unreferenced local variable
     1>source.cpp(619): warning C4101: 'I_ID' : unreferenced local variable
     1>source.cpp(620): warning C4101: 'REV_ID' : unreferenced local variable
     1>source.cpp(788): warning C4172: returning address of local variable or temporary
     1>source.cpp(754): warning C4101: 'j' : unreferenced local variable
     1>source.cpp(852): warning C4172: returning address of local variable or temporary
       Link:
         c:\Program Files (x86)\Microsoft Visual Studio 10.0\VC\bin\x86_amd64\link.exe /ERRORREPORT:PROMPT /OUT:"C:\Users\infodba\Desktop\wfhandler-Export2TPV - Trima\\Release\TPV_TC2TPV_TC10.dll" /NOLOGO "C:\SPLM\TC\lib\*.lib" kernel32.lib user32.lib gdi32.lib winspool.lib comdlg32.lib advapi32.lib shell32.lib ole32.lib oleaut32.lib uuid.lib odbc32.lib odbccp32.lib /MANIFEST /ManifestFile:"Release\TPV_TC2TPV_TC10.dll.intermediate.manifest" /MANIFESTUAC:"level='asInvoker' uiAccess='false'" /DEBUG /PDB:"C:\Users\infodba\Desktop\wfhandler-Export2TPV - Trima\Release\TPV_TC2TPV_TC10.pdb" /OPT:REF /OPT:ICF /LTCG /TLBID:1 /DYNAMICBASE /NXCOMPAT /IMPLIB:"C:\Users\infodba\Desktop\wfhandler-Export2TPV - Trima\\Release\TPV_TC2TPV_TC10.lib" /MACHINE:X64 /DLL Release\source.obj
            Creating library C:\Users\infodba\Desktop\wfhandler-Export2TPV - Trima\\Release\TPV_TC2TPV_TC10.lib and object C:\Users\infodba\Desktop\wfhandler-Export2TPV - Trima\\Release\TPV_TC2TPV_TC10.exp
         Generating code
         Finished generating code
         wfhandler.vcxproj -> C:\Users\infodba\Desktop\wfhandler-Export2TPV - Trima\\Release\TPV_TC2TPV_TC10.dll
       Manifest:
         c:\Program Files (x86)\Microsoft SDKs\Windows\v7.0A\bin\mt.exe /nologo /verbose /outputresource:"C:\Users\infodba\Desktop\wfhandler-Export2TPV - Trima\\Release\TPV_TC2TPV_TC10.dll;#2" /manifest Release\TPV_TC2TPV_TC10.dll.intermediate.manifest
       FinalizeBuildStatus:
         Deleting file "Release\TPV_TC2TPV_TC10.unsuccessfulbuild".
         Touching "Release\TPV_TC2TPV_TC10.lastbuildstate".
     1>Done Building Project "C:\Users\infodba\Desktop\wfhandler-Export2TPV - Trima\wfhandler.vcxproj" (build target(s)).

Build succeeded.

Time Elapsed 00:00:00.82
