Build started 20. 5. 2019 15:18:13.
     1>Project "C:\Users\infodba\Desktop\wfhandler – vypln_HM_NP_sts_old\wfhandler.vcxproj" on node 2 (build target(s)).
     1>InitializeBuildStatus:
         Creating "Release\TPV_Vypln_HM_NP_TC11.unsuccessfulbuild" because "AlwaysCreate" was specified.
       ClCompile:
         c:\Program Files (x86)\Microsoft Visual Studio 10.0\VC\bin\x86_amd64\CL.exe /c /IC:\SPLM\TC\include /Zi /nologo /W3 /WX- /O2 /Oi /GL /D WIN32 /D NDEBUG /D _WINDOWS /D _USRDLL /D WFHANDLER_EXPORTS /D IPLIB=libuser_exits /D _WINDLL /D _MBCS /Gm- /EHsc /MD /GS /Gy /fp:precise /Zc:wchar_t /Zc:forScope /Fo"Release\\" /Fd"Release\vc100.pdb" /Gd /TP /errorReport:prompt source.cpp
         source.cpp
     1>C:\SPLM\TC\include\Error_Exception.hxx(295): warning C4251: 'UGS::Error::Exception::m_sFileName' : class 'std::basic_string<_Elem,_Traits,_Ax>' needs to have dll-interface to be used by clients of class 'UGS::Error::Exception'
                 with
                 [
                     _Elem=char,
                     _Traits=std::char_traits<char>,
                     _Ax=std::allocator<char>
                 ]
     1>C:\SPLM\TC\include\Error_Exception.hxx(302): warning C4251: 'UGS::Error::Exception::m_sSyslogText' : class 'std::basic_string<_Elem,_Traits,_Ax>' needs to have dll-interface to be used by clients of class 'UGS::Error::Exception'
                 with
                 [
                     _Elem=char,
                     _Traits=std::char_traits<char>,
                     _Ax=std::allocator<char>
                 ]
     1>source.cpp(82): warning C4101: 'P_organ' : unreferenced local variable
     1>source.cpp(80): warning C4101: 'user_tag' : unreferenced local variable
     1>source.cpp(267): warning C4101: 'Rev' : unreferenced local variable
     1>source.cpp(297): warning C4101: 'n_polotovar' : unreferenced local variable
     1>source.cpp(291): warning C4101: 'c_nak_pol' : unreferenced local variable
     1>source.cpp(309): warning C4101: 'stav' : unreferenced local variable
     1>source.cpp(357): warning C4101: 'n_polotovar' : unreferenced local variable
     1>source.cpp(505): warning C4101: 'tagy' : unreferenced local variable
     1>source.cpp(531): warning C4101: 'tagy' : unreferenced local variable
       Link:
         c:\Program Files (x86)\Microsoft Visual Studio 10.0\VC\bin\x86_amd64\link.exe /ERRORREPORT:PROMPT /OUT:"C:\Users\infodba\Desktop\wfhandler – vypln_HM_NP_sts_old\\Release\TPV_Vypln_HM_NP_TC11.dll" /NOLOGO "C:\SPLM\TC\lib\*.lib" kernel32.lib user32.lib gdi32.lib winspool.lib comdlg32.lib advapi32.lib shell32.lib ole32.lib oleaut32.lib uuid.lib odbc32.lib odbccp32.lib /MANIFEST /ManifestFile:"Release\TPV_Vypln_HM_NP_TC11.dll.intermediate.manifest" /MANIFESTUAC:"level='asInvoker' uiAccess='false'" /DEBUG /PDB:"C:\Users\infodba\Desktop\wfhandler – vypln_HM_NP_sts_old\Release\TPV_Vypln_HM_NP_TC11.pdb" /OPT:REF /OPT:ICF /LTCG /TLBID:1 /DYNAMICBASE /NXCOMPAT /IMPLIB:"C:\Users\infodba\Desktop\wfhandler – vypln_HM_NP_sts_old\\Release\TPV_Vypln_HM_NP_TC11.lib" /MACHINE:X64 /DLL Release\source.obj
            Creating library C:\Users\infodba\Desktop\wfhandler – vypln_HM_NP_sts_old\\Release\TPV_Vypln_HM_NP_TC11.lib and object C:\Users\infodba\Desktop\wfhandler – vypln_HM_NP_sts_old\\Release\TPV_Vypln_HM_NP_TC11.exp
         Generating code
     1>c:\users\infodba\desktop\wfhandler – vypln_hm_np_sts_old\source.cpp(124): warning C4700: uninitialized local variable 'user_name' used
         Finished generating code
         wfhandler.vcxproj -> C:\Users\infodba\Desktop\wfhandler – vypln_HM_NP_sts_old\\Release\TPV_Vypln_HM_NP_TC11.dll
       Manifest:
         c:\Program Files (x86)\Microsoft SDKs\Windows\v7.0A\bin\mt.exe /nologo /verbose /outputresource:"C:\Users\infodba\Desktop\wfhandler – vypln_HM_NP_sts_old\\Release\TPV_Vypln_HM_NP_TC11.dll;#2" /manifest Release\TPV_Vypln_HM_NP_TC11.dll.intermediate.manifest
       FinalizeBuildStatus:
         Deleting file "Release\TPV_Vypln_HM_NP_TC11.unsuccessfulbuild".
         Touching "Release\TPV_Vypln_HM_NP_TC11.lastbuildstate".
     1>Done Building Project "C:\Users\infodba\Desktop\wfhandler – vypln_HM_NP_sts_old\wfhandler.vcxproj" (build target(s)).

Build succeeded.

Time Elapsed 00:00:04.21
