C:\Program Files (x86)\Microsoft Visual Studio\2017\Professional\Common7\IDE\VC\VCTargets\Microsoft.CppBuild.targets(391,5): warning MSB8028: Zprostředkující adresář (Release\) obsahuje soubory sdílené z jiného projektu (TPV_Vypln_HM_NP_TC12.vcxproj). To může způsobit nesprávné chování při čištění a opětovném sestavení.
  source.cpp
c:\splm\tc14\include\error_exception.hxx(300): warning C4251: UGS::Error::Exception::m_sFileName: class std::basic_string<char,std::char_traits<char>,std::allocator<char>> potřebuje třídu dll-interface, ať se dá používat klienty class UGS::Error::Exception.
  c:\program files (x86)\microsoft visual studio\2017\professional\vc\tools\msvc\14.16.27023\include\xstring(4373): note: viz deklarace: std::basic_string<char,std::char_traits<char>,std::allocator<char>>
c:\splm\tc14\include\error_exception.hxx(307): warning C4251: UGS::Error::Exception::m_sSyslogText: class std::basic_string<char,std::char_traits<char>,std::allocator<char>> potřebuje třídu dll-interface, ať se dá používat klienty class UGS::Error::Exception.
  c:\program files (x86)\microsoft visual studio\2017\professional\vc\tools\msvc\14.16.27023\include\xstring(4373): note: viz deklarace: std::basic_string<char,std::char_traits<char>,std::allocator<char>>
c:\users\tseme\documents\github\prace\sts\tc14\wfhandler – vypln_hm_np_sts\source.cpp(28): warning C4005: IFERR_REPORT: předefinování makra
  c:\users\tseme\documents\github\prace\sts\tc14\wfhandler – vypln_hm_np_sts\source.cpp(27): note: viz předchozí definice IFERR_REPORT
c:\users\tseme\documents\github\prace\sts\tc14\wfhandler – vypln_hm_np_sts\source.cpp(268): warning C4477: printf: Formátovací řetězec %d vyžaduje argument typu int, ale variadický argument 3 má typ tag_t *.
c:\users\tseme\documents\github\prace\sts\tc14\wfhandler – vypln_hm_np_sts\source.cpp(268): warning C4313: printf: %d ve formátovacím řetězci je v konfliktu s argumentem 3 typu tag_t *.
c:\users\tseme\documents\github\prace\sts\tc14\wfhandler – vypln_hm_np_sts\source.cpp(575): warning C4477: printf: Formátovací řetězec %d vyžaduje argument typu int, ale variadický argument 2 má typ tag_t *.
c:\users\tseme\documents\github\prace\sts\tc14\wfhandler – vypln_hm_np_sts\source.cpp(575): warning C4313: printf: %d ve formátovacím řetězci je v konfliktu s argumentem 2 typu tag_t *.
c:\users\tseme\documents\github\prace\sts\tc14\wfhandler – vypln_hm_np_sts\source.cpp(575): warning C4477: printf: Formátovací řetězec %s vyžaduje argument typu char *, ale variadický argument 4 má typ const char **.
c:\users\tseme\documents\github\prace\sts\tc14\wfhandler – vypln_hm_np_sts\source.cpp(575): warning C4477: printf: Formátovací řetězec %s vyžaduje argument typu char *, ale variadický argument 5 má typ const char **.
     Vytváří se knihovna C:\Users\tseme\Documents\GitHub\prace\STS\TC14\wfhandler – vypln_HM_NP_sts\\Release\TPV_Vypln_HM_NP_TC14.lib a objekt C:\Users\tseme\Documents\GitHub\prace\STS\TC14\wfhandler – vypln_HM_NP_sts\\Release\TPV_Vypln_HM_NP_TC14.exp.
  Vytváří se kód.
c:\users\tseme\documents\github\prace\sts\tc14\wfhandler – vypln_hm_np_sts\source.cpp(187): warning C4700: používá se neinicializovaná lokální proměnná user_name
  18 of 19 functions (94.7%) were compiled, the rest were copied from previous compilation.
    2 functions were new in current compilation
    0 functions had inline decision re-evaluated but remain unchanged
  Vytváření kódu se dokončilo.
  wfhandler.vcxproj -> C:\Users\tseme\Documents\GitHub\prace\STS\TC14\wfhandler – vypln_HM_NP_sts\\Release\TPV_Vypln_HM_NP_TC14.dll
