  source.cpp
c:\splm\sts\tc14\xml2tc - zakazka\source.cpp(76): warning C4996: 'AOM_save': "AOM_save" deprecated in Teamcenter "11.2"; Use "AOM_save_with_extensions or AOM_save_without_extensions" instead.
  c:\splm\tc14\include\tccore\aom.h(173): note: viz deklarace: AOM_save
c:\splm\sts\tc14\xml2tc - zakazka\source.cpp(148): warning C4477: printf: Formátovací řetězec %d vyžaduje argument typu int, ale variadický argument 3 má typ double.
c:\splm\sts\tc14\xml2tc - zakazka\source.cpp(154): warning C4477: printf: Formátovací řetězec %d vyžaduje argument typu int, ale variadický argument 1 má typ size_t.
  c:\splm\sts\tc14\xml2tc - zakazka\source.cpp(154): note: Zvažte použití %zd ve formátovacím řetězci.
c:\splm\sts\tc14\xml2tc - zakazka\source.cpp(185): warning C4996: 'AOM_save': "AOM_save" deprecated in Teamcenter "11.2"; Use "AOM_save_with_extensions or AOM_save_without_extensions" instead.
  c:\splm\tc14\include\tccore\aom.h(173): note: viz deklarace: AOM_save
c:\splm\sts\tc14\xml2tc - zakazka\source.cpp(215): warning C4101: Rev: neodkazovaná lokální proměnná
c:\splm\sts\tc14\xml2tc - zakazka\source.cpp(278): warning C4101: Rev: neodkazovaná lokální proměnná
c:\splm\sts\tc14\xml2tc - zakazka\source.cpp(304): warning C4996: 'BOM_line_look_up_attribute': "BOM_line_look_up_attribute" deprecated in Teamcenter "13.2"; Use "TCTYPE_ask_property_by_name" instead.
  c:\splm\tc14\include\bom\bom.h(995): note: viz deklarace: BOM_line_look_up_attribute
c:\splm\sts\tc14\xml2tc - zakazka\source.cpp(305): warning C4996: 'BOM_line_set_attribute_string': "BOM_line_set_attribute_string" deprecated in Teamcenter "13.2"; Use "AOM_UIF_set_value" instead.
  c:\splm\tc14\include\bom\bom.h(1134): note: viz deklarace: BOM_line_set_attribute_string
c:\splm\sts\tc14\xml2tc - zakazka\source.cpp(312): warning C4996: 'BOM_line_look_up_attribute': "BOM_line_look_up_attribute" deprecated in Teamcenter "13.2"; Use "TCTYPE_ask_property_by_name" instead.
  c:\splm\tc14\include\bom\bom.h(995): note: viz deklarace: BOM_line_look_up_attribute
c:\splm\sts\tc14\xml2tc - zakazka\source.cpp(313): warning C4996: 'BOM_line_set_attribute_int': "BOM_line_set_attribute_int" deprecated in Teamcenter "13.2"; Use "AOM_set_value_int" instead.
  c:\splm\tc14\include\bom\bom.h(1068): note: viz deklarace: BOM_line_set_attribute_int
c:\splm\sts\tc14\xml2tc - zakazka\source.cpp(341): warning C4996: 'BOM_line_look_up_attribute': "BOM_line_look_up_attribute" deprecated in Teamcenter "13.2"; Use "TCTYPE_ask_property_by_name" instead.
  c:\splm\tc14\include\bom\bom.h(995): note: viz deklarace: BOM_line_look_up_attribute
c:\splm\sts\tc14\xml2tc - zakazka\source.cpp(342): warning C4996: 'BOM_line_ask_attribute_tag': "BOM_line_ask_attribute_tag" deprecated in Teamcenter "13.2"; Use "AOM_ask_value_tag" instead.
  c:\splm\tc14\include\bom\bom.h(1123): note: viz deklarace: BOM_line_ask_attribute_tag
c:\splm\sts\tc14\xml2tc - zakazka\source.cpp(373): warning C4996: 'AOM_save': "AOM_save" deprecated in Teamcenter "11.2"; Use "AOM_save_with_extensions or AOM_save_without_extensions" instead.
  c:\splm\tc14\include\tccore\aom.h(173): note: viz deklarace: AOM_save
c:\splm\sts\tc14\xml2tc - zakazka\source.cpp(402): warning C4996: 'AOM_save': "AOM_save" deprecated in Teamcenter "11.2"; Use "AOM_save_with_extensions or AOM_save_without_extensions" instead.
  c:\splm\tc14\include\tccore\aom.h(173): note: viz deklarace: AOM_save
c:\splm\sts\tc14\xml2tc - zakazka\source.cpp(406): warning C4996: 'AOM_save': "AOM_save" deprecated in Teamcenter "11.2"; Use "AOM_save_with_extensions or AOM_save_without_extensions" instead.
  c:\splm\tc14\include\tccore\aom.h(173): note: viz deklarace: AOM_save
c:\splm\sts\tc14\xml2tc - zakazka\source.cpp(407): warning C4996: 'AOM_save': "AOM_save" deprecated in Teamcenter "11.2"; Use "AOM_save_with_extensions or AOM_save_without_extensions" instead.
  c:\splm\tc14\include\tccore\aom.h(173): note: viz deklarace: AOM_save
c:\splm\sts\tc14\xml2tc - zakazka\source.cpp(444): warning C4996: 'AOM_save': "AOM_save" deprecated in Teamcenter "11.2"; Use "AOM_save_with_extensions or AOM_save_without_extensions" instead.
  c:\splm\tc14\include\tccore\aom.h(173): note: viz deklarace: AOM_save
c:\splm\sts\tc14\xml2tc - zakazka\source.cpp(477): warning C4473: printf: Pro formátovací řetězec se nepředal dostatečný počet argumentů.
  c:\splm\sts\tc14\xml2tc - zakazka\source.cpp(477): note: Pro zástupný text a jeho parametry se očekával tento počet variadických argumentů: 2, ale je zadaný tento počet: 1.
  c:\splm\sts\tc14\xml2tc - zakazka\source.cpp(477): note: Chybějící variadický argument 2 je vyžadován formátovacím řetězcem %s.
c:\splm\sts\tc14\xml2tc - zakazka\source.cpp(515): warning C4477: printf: Formátovací řetězec %d vyžaduje argument typu int, ale variadický argument 1 má typ char *.
c:\splm\sts\tc14\xml2tc - zakazka\source.cpp(515): warning C4313: printf: %d ve formátovacím řetězci je v konfliktu s argumentem 1 typu char *.
c:\splm\sts\tc14\xml2tc - zakazka\source.cpp(505): warning C4996: 'AOM_save': "AOM_save" deprecated in Teamcenter "11.2"; Use "AOM_save_with_extensions or AOM_save_without_extensions" instead.
  c:\splm\tc14\include\tccore\aom.h(173): note: viz deklarace: AOM_save
c:\splm\sts\tc14\xml2tc - zakazka\source.cpp(595): warning C4996: 'AOM_save': "AOM_save" deprecated in Teamcenter "11.2"; Use "AOM_save_with_extensions or AOM_save_without_extensions" instead.
  c:\splm\tc14\include\tccore\aom.h(173): note: viz deklarace: AOM_save
c:\splm\sts\tc14\xml2tc - zakazka\source.cpp(892): warning C4101: Rozmer: neodkazovaná lokální proměnná
c:\splm\sts\tc14\xml2tc - zakazka\source.cpp(999): warning C4477: printf: Formátovací řetězec %d vyžaduje argument typu int, ale variadický argument 2 má typ size_t.
  c:\splm\sts\tc14\xml2tc - zakazka\source.cpp(999): note: Zvažte použití %zd ve formátovacím řetězci.
c:\splm\sts\tc14\xml2tc - zakazka\source.cpp(999): warning C4477: printf: Formátovací řetězec %d vyžaduje argument typu int, ale variadický argument 3 má typ size_t.
  c:\splm\sts\tc14\xml2tc - zakazka\source.cpp(999): note: Zvažte použití %zd ve formátovacím řetězci.
c:\splm\sts\tc14\xml2tc - zakazka\source.cpp(983): warning C4101: token: neodkazovaná lokální proměnná
c:\splm\sts\tc14\xml2tc - zakazka\source.cpp(1076): warning C4996: 'AOM_save': "AOM_save" deprecated in Teamcenter "11.2"; Use "AOM_save_with_extensions or AOM_save_without_extensions" instead.
  c:\splm\tc14\include\tccore\aom.h(173): note: viz deklarace: AOM_save
c:\splm\sts\tc14\xml2tc - zakazka\source.cpp(1096): warning C4101: Namee: neodkazovaná lokální proměnná
  Vytváří se kód.
c:\splm\sts\tc14\xml2tc - zakazka\source.cpp(926): warning C4789: Vyrovnávací paměť attr o velikosti 500 bajtů bude mít přeběhnutí; 700 bajtů se zapíše s posunem 0.
  1 of 24 functions ( 4.2%) were compiled, the rest were copied from previous compilation.
    0 functions were new in current compilation
    0 functions had inline decision re-evaluated but remain unchanged
  Vytváření kódu se dokončilo.
  utilita.vcxproj -> C:\SPLM\STS\TC14\XML2TC - Zakazka\\Release\XML2TC_ZAK.exe
