  source.cpp
c:\splm\tc12\include\error_exception.hxx(300): warning C4251: UGS::Error::Exception::m_sFileName: class std::basic_string<char,std::char_traits<char>,std::allocator<char>> potřebuje třídu dll-interface, ať se dá používat klienty class UGS::Error::Exception.
  c:\program files (x86)\microsoft visual studio\2017\professional\vc\tools\msvc\14.16.27023\include\xstring(4373): note: viz deklarace: std::basic_string<char,std::char_traits<char>,std::allocator<char>>
c:\splm\tc12\include\error_exception.hxx(307): warning C4251: UGS::Error::Exception::m_sSyslogText: class std::basic_string<char,std::char_traits<char>,std::allocator<char>> potřebuje třídu dll-interface, ať se dá používat klienty class UGS::Error::Exception.
  c:\program files (x86)\microsoft visual studio\2017\professional\vc\tools\msvc\14.16.27023\include\xstring(4373): note: viz deklarace: std::basic_string<char,std::char_traits<char>,std::allocator<char>>
c:\splm\sts\tc12\wfhandler – vypln_hm_np_sts\source.cpp(30): warning C4005: IFERR_REPORT: předefinování makra
  c:\splm\sts\tc12\wfhandler – vypln_hm_np_sts\source.cpp(29): note: viz předchozí definice IFERR_REPORT
c:\splm\sts\tc12\wfhandler – vypln_hm_np_sts\source.cpp(121): warning C4101: P_organ: neodkazovaná lokální proměnná
c:\splm\sts\tc12\wfhandler – vypln_hm_np_sts\source.cpp(119): warning C4101: user_tag: neodkazovaná lokální proměnná
c:\splm\sts\tc12\wfhandler – vypln_hm_np_sts\source.cpp(244): warning C4477: printf: Formátovací řetězec %d vyžaduje argument typu int, ale variadický argument 3 má typ tag_t *.
c:\splm\sts\tc12\wfhandler – vypln_hm_np_sts\source.cpp(244): warning C4313: printf: %d ve formátovacím řetězci je v konfliktu s argumentem 3 typu tag_t *.
c:\splm\sts\tc12\wfhandler – vypln_hm_np_sts\source.cpp(428): warning C4101: Object: neodkazovaná lokální proměnná
c:\splm\sts\tc12\wfhandler – vypln_hm_np_sts\source.cpp(551): warning C4477: printf: Formátovací řetězec %d vyžaduje argument typu int, ale variadický argument 2 má typ tag_t *.
c:\splm\sts\tc12\wfhandler – vypln_hm_np_sts\source.cpp(551): warning C4313: printf: %d ve formátovacím řetězci je v konfliktu s argumentem 2 typu tag_t *.
c:\splm\sts\tc12\wfhandler – vypln_hm_np_sts\source.cpp(551): warning C4477: printf: Formátovací řetězec %s vyžaduje argument typu char *, ale variadický argument 4 má typ const char **.
c:\splm\sts\tc12\wfhandler – vypln_hm_np_sts\source.cpp(551): warning C4477: printf: Formátovací řetězec %s vyžaduje argument typu char *, ale variadický argument 5 má typ const char **.
c:\splm\sts\tc12\wfhandler – vypln_hm_np_sts\source.cpp(566): warning C4101: tagy: neodkazovaná lokální proměnná
c:\splm\sts\tc12\wfhandler – vypln_hm_np_sts\source.cpp(592): warning C4101: tagy: neodkazovaná lokální proměnná
     Vytváří se knihovna C:\SPLM\STS\TC12\wfhandler – vypln_HM_NP_sts\\Release\TPV_Vypln_HM_NP_TC12.lib a objekt C:\SPLM\STS\TC12\wfhandler – vypln_HM_NP_sts\\Release\TPV_Vypln_HM_NP_TC12.exp.
  Vytváří se kód.
c:\splm\sts\tc12\wfhandler – vypln_hm_np_sts\source.cpp(163): warning C4700: používá se neinicializovaná lokální proměnná user_name
  All 17 functions were compiled because no usable IPDB/IOBJ from previous compilation was found.
  Vytváření kódu se dokončilo.
  wfhandler.vcxproj -> C:\SPLM\STS\TC12\wfhandler – vypln_HM_NP_sts\\Release\TPV_Vypln_HM_NP_TC12.dll
