  source.cpp
c:\splm\sts\tc12\wfhandler-createname\source.cpp(89): warning C4477: printf: Formátovací řetězec %d vyžaduje argument typu int, ale variadický argument 1 má typ tag_t *.
c:\splm\sts\tc12\wfhandler-createname\source.cpp(89): warning C4313: printf: %d ve formátovacím řetězci je v konfliktu s argumentem 1 typu tag_t *.
c:\splm\sts\tc12\wfhandler-createname\source.cpp(142): warning C4101: tagy: neodkazovaná lokální proměnná
c:\splm\sts\tc12\wfhandler-createname\source.cpp(170): warning C4477: printf: Formátovací řetězec %d vyžaduje argument typu int, ale variadický argument 1 má typ size_t.
  c:\splm\sts\tc12\wfhandler-createname\source.cpp(170): note: Zvažte použití %zd ve formátovacím řetězci.
c:\splm\sts\tc12\wfhandler-createname\source.cpp(187): warning C4477: printf: Formátovací řetězec %d vyžaduje argument typu int, ale variadický argument 1 má typ size_t.
  c:\splm\sts\tc12\wfhandler-createname\source.cpp(187): note: Zvažte použití %zd ve formátovacím řetězci.
c:\splm\sts\tc12\wfhandler-createname\source.cpp(192): warning C4477: printf: Formátovací řetězec %d vyžaduje argument typu int, ale variadický argument 1 má typ size_t.
  c:\splm\sts\tc12\wfhandler-createname\source.cpp(192): note: Zvažte použití %zd ve formátovacím řetězci.
c:\splm\sts\tc12\wfhandler-createname\source.cpp(198): warning C4477: printf: Formátovací řetězec %d vyžaduje argument typu int, ale variadický argument 1 má typ size_t.
  c:\splm\sts\tc12\wfhandler-createname\source.cpp(198): note: Zvažte použití %zd ve formátovacím řetězci.
c:\splm\sts\tc12\wfhandler-createname\source.cpp(201): warning C4477: printf: Formátovací řetězec %d vyžaduje argument typu int, ale variadický argument 1 má typ size_t.
  c:\splm\sts\tc12\wfhandler-createname\source.cpp(201): note: Zvažte použití %zd ve formátovacím řetězci.
c:\splm\sts\tc12\wfhandler-createname\source.cpp(209): warning C4477: printf: Formátovací řetězec %d vyžaduje argument typu int, ale variadický argument 1 má typ size_t.
  c:\splm\sts\tc12\wfhandler-createname\source.cpp(209): note: Zvažte použití %zd ve formátovacím řetězci.
c:\splm\sts\tc12\wfhandler-createname\source.cpp(216): warning C4477: printf: Formátovací řetězec %d vyžaduje argument typu int, ale variadický argument 1 má typ size_t.
  c:\splm\sts\tc12\wfhandler-createname\source.cpp(216): note: Zvažte použití %zd ve formátovacím řetězci.
c:\splm\sts\tc12\wfhandler-createname\source.cpp(256): warning C4477: printf: Formátovací řetězec %d vyžaduje argument typu int, ale variadický argument 2 má typ size_t.
  c:\splm\sts\tc12\wfhandler-createname\source.cpp(256): note: Zvažte použití %zd ve formátovacím řetězci.
c:\splm\sts\tc12\wfhandler-createname\source.cpp(337): warning C4477: printf: Formátovací řetězec %d vyžaduje argument typu int, ale variadický argument 2 má typ size_t.
  c:\splm\sts\tc12\wfhandler-createname\source.cpp(337): note: Zvažte použití %zd ve formátovacím řetězci.
c:\splm\sts\tc12\wfhandler-createname\source.cpp(344): warning C4477: printf: Formátovací řetězec %d vyžaduje argument typu int, ale variadický argument 2 má typ size_t.
  c:\splm\sts\tc12\wfhandler-createname\source.cpp(344): note: Zvažte použití %zd ve formátovacím řetězci.
c:\splm\sts\tc12\wfhandler-createname\source.cpp(390): warning C4477: printf: Formátovací řetězec %d vyžaduje argument typu int, ale variadický argument 2 má typ size_t.
  c:\splm\sts\tc12\wfhandler-createname\source.cpp(390): note: Zvažte použití %zd ve formátovacím řetězci.
c:\splm\sts\tc12\wfhandler-createname\source.cpp(318): warning C4101: Type: neodkazovaná lokální proměnná
c:\splm\sts\tc12\wfhandler-createname\source.cpp(299): warning C4101: logpath: neodkazovaná lokální proměnná
c:\splm\sts\tc12\wfhandler-createname\source.cpp(298): warning C4101: log: neodkazovaná lokální proměnná
c:\splm\sts\tc12\wfhandler-createname\source.cpp(330): warning C4101: status: neodkazovaná lokální proměnná
c:\splm\sts\tc12\wfhandler-createname\source.cpp(366): warning C4101: new_name: neodkazovaná lokální proměnná
c:\splm\sts\tc12\wfhandler-createname\source.cpp(368): warning C4101: status: neodkazovaná lokální proměnná
     Vytváří se knihovna C:\SPLM\STS\TC12\wfhandler-CreateName\\Release\TPV_CreateName_HM_NP_TC12.lib a objekt C:\SPLM\STS\TC12\wfhandler-CreateName\\Release\TPV_CreateName_HM_NP_TC12.exp.
  Vytváří se kód.
c:\splm\sts\tc12\wfhandler-createname\source.cpp(257): warning C4172: Vrací adresu lokální proměnné nebo dočasné: new_name.
c:\splm\sts\tc12\wfhandler-createname\source.cpp(229): warning C4172: Vrací adresu lokální proměnné nebo dočasné: new_name.
  All 17 functions were compiled because no usable IPDB/IOBJ from previous compilation was found.
  Vytváření kódu se dokončilo.
  wfhandler.vcxproj -> C:\SPLM\STS\TC12\wfhandler-CreateName\\Release\TPV_CreateName_HM_NP_TC12.dll
